<?xml version="1.0" encoding="UTF-8"?>
<!-- Generated by org.testng.reporters.JUnitReportReporter -->
<testsuite hostname="LAPTOP-IFGHVPFF" name="com.crm.qa.testcases.LoginPageTest" tests="3" failures="0" timestamp="24 Feb 2020 15:03:39 GMT" time="40.967" errors="0">
  <testcase name="loginTest" time="16.526" classname="com.crm.qa.testcases.LoginPageTest"/>
  <testcase name="loginpagetitleTest" time="12.242" classname="com.crm.qa.testcases.LoginPageTest"/>
  <testcase name="crmlogoTest" time="12.199" classname="com.crm.qa.testcases.LoginPageTest"/>
</testsuite> <!-- com.crm.qa.testcases.LoginPageTest -->
