<?xml version="1.0" encoding="UTF-8"?>
<!-- Generated by org.testng.reporters.JUnitReportReporter -->
<testsuite hostname="LAPTOP-IFGHVPFF" name="com.crm.qa.testcases.ContactsPageTest" tests="2" failures="0" timestamp="24 Feb 2020 15:03:39 GMT" time="34.156" errors="0">
  <testcase name="verifyNewContactTest" time="17.196" classname="com.crm.qa.testcases.ContactsPageTest"/>
  <testcase name="verifyNewContactTest" time="16.960" classname="com.crm.qa.testcases.ContactsPageTest"/>
</testsuite> <!-- com.crm.qa.testcases.ContactsPageTest -->
